Instalando pacotes 458

Instalando glibc-common-2.3.2-11.9.
Instalando hwdata-0.75-1.
Instalando redhat-logos-1.1.12-1.
Instalando setup-2.5.25-1.
Instalando filesystem-2.2.1-3.
Instalando basesystem-8.0-2.
Instalando glibc-2.3.2-11.9.
Instalando bzip2-libs-1.0.2-8.
Instalando chkconfig-1.3.8-1.
Instalando cracklib-2.7-21.
Instalando db4-4.0.14-20.
Instalando e2fsprogs-1.32-6.
Instalando elfutils-libelf-0.76-3.
Instalando expat-1.95.5-2.
Instalando gdbm-1.8.0-20.
Instalando glib-1.2.10-10.
Instalando glib2-2.2.1-1.
Instalando gmp-4.1.2-2.
Instalando hdparm-5.2-4.
Instalando iputils-20020927-2.
Instalando libattr-2.2.0-1.
Instalando libacl-2.2.3-1.
Instalando libgcc-3.2.2-5.
Instalando losetup-2.11y-9.
Instalando mingetty-1.01-1.
Instalando mktemp-1.5-18.
Instalando mount-2.11y-9.
Instalando net-tools-1.60-12.
Instalando pcre-3.9-10.
Instalando popt-1.8-0.69.
Instalando setserial-2.17-12.
Instalando shadow-utils-4.0.3-6.
Instalando slang-1.4.5-16.
Instalando newt-0.51.4-1.
Instalando termcap-11.0.1-16.
Instalando libtermcap-2.0.8-35.
Instalando bash-2.05b-20.
Instalando iproute-2.4.7-7.
Instalando lvm-1.0.3-12.
Instalando MAKEDEV-3.3.2-5.
Instalando ncurses-5.3-4.
Instalando less-378-7.
Instalando psmisc-21.2-4.
Instalando raidtools-1.00.3-2.
Instalando redhat-release-9-3.
Instalando rootfiles-7.2-6.
Instalando usbutils-0.9-10.
Instalando hotplug-2002_04_01-17.
Instalando words-2-21.
Instalando cracklib-dicts-2.7-21.
Instalando zlib-1.1.4-8.
Instalando file-3.39-9.
Instalando info-4.3-5.
Instalando cpio-2.5-3.
Instalando ed-0.2-31.
Instalando findutils-4.1.7-9.
Instalando gawk-3.1.1-9.
Instalando grep-2.5.1-7.
Instalando coreutils-4.5.3-19.
Instalando ash-0.3.8-8.
Instalando grub-0.93-4.
Instalando gzip-1.3.3-9.
Instalando krb5-libs-1.2.7-10.
Instalando modutils-2.4.22-8.
Instalando openssl-0.9.7a-2.
Instalando procps-2.0.11-6.
Instalando readline-4.3-5.
Instalando python-2.2.2-26.
Instalando pyxf86config-0.3.5-1.
Instalando rhpl-0.93-1.
Instalando rpm-4.2-0.69.
Instalando sed-4.0.5-1.
Instalando dev-3.3.2-5.
Instalando pam-0.75-48.
Instalando authconfig-4.3.4-1.
Instalando kudzu-0.99.99-1.
Instalando sysklogd-1.4.1-12.
Instalando SysVinit-2.84-13.
Instalando tar-1.13.25-11.
Instalando mkinitrd-3.4.42-1.
Instalando lilo-21.4.4-22.
Instalando util-linux-2.11y-9.
Instalando vim-common-6.1-29.
Instalando vim-minimal-6.1-29.
Instalando which-2.14-5.
Instalando initscripts-7.14-1.
Instalando kernel-2.4.20-8.
Instalando kernel-pcmcia-cs-3.1.31-13.
Instalando cyrus-sasl-2.1.10-4.
Instalando cyrus-sasl-md5-2.1.10-4.
Instalando openldap-2.0.27-8.
Instalando libuser-0.51.7-1.
Instalando passwd-0.68-3.
Instalando usermode-1.67-2.
Instalando kbd-1.08-4.
Instalando redhat-config-mouse-1.0.5-1.
Instalando acl-2.2.3-1.
Instalando apmd-3.0.2-18.
Instalando at-3.1.8-33.
Instalando attr-2.2.0-1.
Instalando bc-1.06-12.
Instalando bind-utils-9.2.1-16.
Instalando bzip2-1.0.2-8.
Instalando crontabs-1.10-5.
Instalando cyrus-sasl-plain-2.1.10-4.
Instalando dhclient-3.0pl1-23.
Instalando diffutils-2.8.1-6.
Instalando devlabel-0.26.08-3.
Instalando dos2unix-3.1-15.
Instalando dosfstools-2.8-6.
Instalando eject-2.0.13-2.
Instalando elfutils-0.76-3.
Instalando ethtool-1.6-5.
Instalando finger-0.17-16.
Instalando ftp-0.17-17.
Instalando gpm-1.19.3-27.
Instalando hesiod-3.0.2-26.
Instalando autofs-3.1.7-36.
Instalando iptables-1.2.7a-2.
Instalando irda-utils-0.9.14-9.
Instalando jfsutils-1.0.17-6.
Instalando jwhois-3.2.1-1.
Instalando krbafs-1.1.1-9.
Instalando lftp-2.6.3-3.
Instalando lha-1.14i-9.
Instalando libstdc++-3.2.2-5.
Instalando groff-1.18.1-20.
Instalando libtool-libs-1.4.3-5.
Instalando libwvstreams-3.70-8.
Instalando lockdev-1.0.0-23.
Instalando logrotate-3.6.8-1.
Instalando lokkit-0.50-22.
Instalando lrzsz-0.12.20-16.
Instalando lsof-4.63-4.
Instalando mailcap-2.1.13-1.
Instalando mailx-8.1.1-28.
Instalando make-3.79.1-17.
Instalando man-1.5k-6.
Instalando man-pages-1.53-3.
Instalando minicom-2.00.0-12.
Instalando mt-st-0.7-10.
Instalando mtools-3.9.8-7.
Instalando mtr-0.52-2.
Instalando netconfig-0.8.14-2.
Instalando nscd-2.3.2-11.9.
Instalando nss_ldap-202-5.
Instalando ntsysv-1.3.8-1.
Instalando openssh-3.5p1-6.
Instalando openssh-clients-3.5p1-6.
Instalando pam_krb5-1.60-1.
Instalando pam_smb-1.1.6-7.
Instalando parted-1.6.3-11.
Instalando pax-3.0-6.
Instalando pciutils-2.1.10-7.
Instalando perl-5.8.0-88.
Instalando fbset-2.1-13.
Instalando gnupg-1.2.1-3.
Instalando isdn4k-utils-3.1-62.
Instalando logwatch-4.3.1-2.
Instalando pinfo-0.6.6-4.
Instalando ppp-2.4.1-10.
Instalando procmail-3.22-9.
Instalando pspell-0.12.2-16.
Instalando aspell-0.33.7.1-21.
Instalando pyOpenSSL-0.5.1-8.
Instalando python-optik-1.4-2.
Instalando rdate-1.3-2.
Instalando rdist-6.1.5-26.
Instalando reiserfs-utils-3.6.4-5.
Instalando rhnlib-1.0-4.
Instalando rmt-0.4b28-7.
Instalando dump-0.4b28-7.
Instalando rp-pppoe-3.5-2.
Instalando rpm-python-4.2-0.69.
Instalando redhat-config-network-tui-1.2.0-2.
Instalando rsh-0.17-14.
Instalando rsync-2.5.5-4.
Instalando setuptool-1.12-1.
Instalando slocate-2.6-8.
Instalando specspo-9.0-1.
Instalando star-1.5a08-4.
Instalando statserial-1.1-32.
Instalando sudo-1.6.6-3.
Instalando syslinux-2.00-4.
Instalando mkbootdisk-1.5.1-1.
Instalando talk-0.17-20.
Instalando tcp_wrappers-7.6-34.
Instalando openssh-server-3.5p1-6.
Instalando portmap-4.0-54.
Instalando nfs-utils-1.0.1-2.9.
Instalando quota-3.06-9.
Instalando sendmail-8.12.8-4.
Instalando stunnel-4.04-3.
Instalando tcpdump-3.7.2-1.
Instalando tcsh-6.12-4.
Instalando telnet-0.17-25.
Instalando time-1.7-21.
Instalando tmpwatch-2.8.4-5.
Instalando traceroute-1.4a12-9.
Instalando unix2dos-2.2-19.
Instalando unzip-5.50-7.
Instalando up2date-3.1.23-1.
Instalando utempter-0.5.2-16.
Instalando vconfig-1.6-2.
Instalando vixie-cron-3.0.1-74.
Instalando anacron-2.3-25.
Instalando wget-1.8.2-9.
Instalando wireless-tools-25-8.
Instalando wvdial-1.53-9.
Instalando ypbind-1.11-4.
Instalando yp-tools-2.7-5.
Instalando zip-2.3-16.
Instalando freetype-2.1.3-6.
Instalando fontconfig-2.1-9.
Instalando indexhtml-9-3.
Instalando libjpeg-6b-26.
Instalando libpng-1.2.2-16.
Instalando libtiff-3.5.7-11.
Instalando libxml2-2.5.4-1.
Instalando slrn-0.9.7.4-9.
Instalando XFree86-libs-data-4.3.0-2.
Instalando XFree86-libs-4.3.0-2.
Instalando gtk+-1.2.10-25.
Instalando gdk-pixbuf-0.18.0-7.
Instalando libungif-4.1.0-15.
Instalando ImageMagick-5.4.7-10.
Instalando w3m-0.3.2.2-5.
Instalando XFree86-Mesa-libGL-4.3.0-2.
Instalando curl-7.9.8-5.
Instalando gd-1.8.4-11.
Instalando httpd-2.0.40-21.
Instalando httpd-manual-2.0.40-21.
Instalando hwcrypto-1.0-14.
Instalando mod_perl-1.99_07-5.
Instalando perl-Filter-1.29-3.
Instalando mod_python-3.0.1-3.
Instalando mod_ssl-2.0.40-21.
Instalando php-4.2.2-17.
Instalando php-imap-4.2.2-17.
Instalando php-ldap-4.2.2-17.
Instalando squid-2.5.STABLE1-2.
Instalando tux-2.2.9-1.
Instalando webalizer-2.01_10-11.
Instalando cups-libs-1.1.17-13.
Instalando samba-common-2.2.7a-7.9.0.
Instalando samba-2.2.7a-7.9.0.
Instalando samba-client-2.2.7a-7.9.0.
Instalando ghostscript-fonts-5.50-9.
Instalando libxslt-1.0.27-3.
Instalando alchemist-1.0.26-1.
Instalando m4-1.4.1-13.
Instalando mpage-2.5.3-3.
Instalando Omni-0.7.2-4.
Instalando perl-DateManip-5.40-30.
Instalando perl-HTML-Tagset-3.03-28.
Instalando perl-HTML-Parser-3.26-17.
Instalando perl-Parse-Yapp-1.05-30.
Instalando perl-URI-1.21-7.
Instalando perl-libwww-perl-5.65-6.
Instalando perl-XML-Parser-2.31-15.
Instalando perl-libxml-perl-0.07-28.
Instalando perl-XML-Dumper-0.4-25.
Instalando perl-XML-Encoding-1.01-23.
Instalando perl-libxml-enno-1.02-29.
Instalando perl-XML-Grove-0.46alpha-25.
Instalando perl-XML-Twig-3.09-3.
Instalando foomatic-2.0.2-15.
Instalando Omni-foomatic-0.7.2-4.
Instalando pnm2ppa-1.04-7.
Instalando PyXML-0.7.1-9.
Instalando 4Suite-0.11.1-13.
Instalando redhat-menus-0.38-1.
Instalando htmlview-2.0.0-10.
Instalando ttmkfdir-3.0.9-1.
Instalando XFree86-font-utils-4.3.0-2.
Instalando XFree86-xfs-4.3.0-2.
Instalando chkfontpath-1.9.7-1.
Instalando urw-fonts-2.0-29.
Instalando XFree86-truetype-fonts-4.3.0-2.
Instalando VFlib2-2.25.6-10.
Instalando ghostscript-7.05-32.
Instalando gimp-print-4.2.4-5.
Instalando redhat-config-printer-0.6.47-1.
Instalando xinetd-2.3.10-6.
Instalando atk-1.2.0-2.
Instalando audiofile-0.2.3-6.
Instalando bind-9.2.1-16.
Instalando esound-0.2.28-4.
Instalando fam-2.6.8-9.
Instalando gnome-mime-data-2.2.0-1.
Instalando libart_lgpl-2.3.11-2.
Instalando libIDL-0.8.0-7.
Instalando linc-1.0.1-1.
Instalando ORBit2-2.6.0-2.
Instalando bonobo-activation-2.2.0-4.
Instalando libbonobo-2.2.0-1.
Instalando pango-1.2.1-3.
Instalando gtk2-2.2.1-4.
Instalando GConf2-2.2.0-1.
Instalando gnome-vfs2-2.2.2-4.
Instalando libglade2-2.0.1-3.
Instalando libgnome-2.2.0.1-8.
Instalando libgnomecanvas-2.2.0.1-1.
Instalando gail-1.2.0-1.
Instalando gtkhtml2-2.2.0-5.
Instalando gnome-python2-gtkhtml2-1.99.14-5.
Instalando libbonoboui-2.2.0-1.
Instalando libgnomeui-2.2.0.1-5.
Instalando pygtk2-1.99.14-4.
Instalando gnome-python2-canvas-1.99.14-5.
Instalando pygtk2-libglade-1.99.14-4.
Instalando pyorbit-1.99.3-5.
Instalando gnome-python2-bonobo-1.99.14-5.
Instalando gnome-python2-1.99.14-5.
Instalando redhat-config-bind-1.9.0-13.
Instalando redhat-config-httpd-1.0.1-18.
Instalando redhat-config-network-1.2.0-2.
Instalando redhat-config-nfs-1.0.4-5.
Instalando redhat-config-printer-gui-0.6.47-1.
Instalando redhat-config-samba-1.0.4-1.
Instalando redhat-config-securitylevel-1.1.1-3.
Instalando startup-notification-0.5-1.
Instalando libwnck-2.2.1-2.
Instalando usermode-gtk-1.67-2.
Instalando redhat-config-services-0.8.4-1.
Instalando authconfig-gtk-4.3.4-1.
Instalando comps-extras-8.0.94-1.
Instalando libcap-1.10-15.
Instalando libogg-1.0-4.
Instalando libvorbis-1.0-7.
Instalando libxml-1.8.17-8.
Instalando libxml2-python-2.5.4-1.
Instalando ntp-4.1.2-0.rc1.2.
Instalando redhat-config-date-1.5.9-8.
Instalando redhat-config-keyboard-1.0.3-4.
Instalando redhat-config-kickstart-2.3.6-4.
Instalando redhat-config-language-1.0.4-1.
Instalando redhat-config-packages-1.1.8-1.
Instalando redhat-config-proc-0.21-1.
Instalando redhat-config-rootpassword-1.0.2-4.
Instalando redhat-config-users-1.1.5-7.
Instalando redhat-logviewer-0.8.5-1.
Instalando sox-12.17.3-11.
Instalando redhat-config-soundcard-1.0.4-2.
Instalando binutils-2.13.90.0.18-9.
Instalando cpp-3.2.2-5.
Instalando glibc-kernheaders-2.4-8.10.
Instalando glibc-devel-2.3.2-11.9.
Instalando libmng-1.0.4-3.
Instalando libusb-0.1.6-3.
Instalando patch-2.5.4-16.
Instalando sgml-common-0.6.3-14.
Instalando tcl-8.3.5-88.
Instalando vim-enhanced-6.1-29.
Instalando Xaw3d-1.5-18.
Instalando emacs-21.2-33.
Instalando emacs-leim-21.2-33.
Instalando psgml-1.2.3-7.
Instalando XFree86-Mesa-libGLU-4.3.0-2.
Instalando qt-3.1.1-6.
Instalando autoconf-2.57-3.
Instalando automake14-1.4p6-5.1.
Instalando automake15-1.5-6.
Instalando automake-1.6.3-5.
Instalando bison-1.35-6.
Instalando byacc-1.9-25.
Instalando cdecl-2.5-27.
Instalando curl-devel-7.9.8-5.
Instalando cvs-1.11.2-10.
Instalando cyrus-sasl-devel-2.1.10-4.
Instalando db4-devel-4.0.14-20.
Instalando db4-utils-4.0.14-20.
Instalando dev86-0.16.3-8.
Instalando dialog-0.9b-20020814.2.
Instalando diffstat-1.31-2.
Instalando doxygen-1.2.18-3.
Instalando expat-devel-1.95.5-2.
Instalando fam-devel-2.6.8-9.
Instalando flex-2.5.4a-29.
Instalando gcc-3.2.2-5.
Instalando gdb-5.3post-0.20021129.18.
Instalando gdbm-devel-1.8.0-20.
Instalando gmp-devel-4.1.2-2.
Instalando gpm-devel-1.19.3-27.
Instalando hesiod-devel-3.0.2-26.
Instalando indent-2.2.9-2.
Instalando krb5-devel-1.2.7-10.
Instalando krbafs-devel-1.1.1-9.
Instalando libcap-devel-1.10-15.
Instalando libf2c-3.2.2-5.
Instalando gcc-g77-3.2.2-5.
Instalando libgcj-3.2.2-5.
Instalando gettext-0.11.4-7.
Instalando libgcj-devel-3.2.2-5.
Instalando gcc-java-3.2.2-5.
Instalando libgnat-3.2.2-5.
Instalando gcc-gnat-3.2.2-5.
Instalando libogg-devel-1.0-4.
Instalando libstdc++-devel-3.2.2-5.
Instalando gcc-c++-3.2.2-5.
Instalando libtermcap-devel-2.0.8-35.
Instalando libtool-1.4.3-5.
Instalando libusb-devel-0.1.6-3.
Instalando libuser-devel-0.51.7-1.
Instalando libvorbis-devel-1.0-7.
Instalando libxml-devel-1.8.17-8.
Instalando lockdev-devel-1.0.0-23.
Instalando ltrace-0.3.29-1.
Instalando memprof-0.5.1-3.
Instalando modutils-devel-2.4.22-8.
Instalando ncurses-devel-5.3-4.
Instalando openldap-devel-2.0.27-8.
Instalando openssl-devel-0.9.7a-2.
Instalando pam-devel-0.75-48.
Instalando patchutils-0.2.19-1.
Instalando pciutils-devel-2.1.10-7.
Instalando kudzu-devel-0.99.99-1.
Instalando perl-CPAN-1.61-88.
Instalando pkgconfig-0.14.0-3.
Instalando python-devel-2.2.2-26.
Instalando rcs-5.7-20.
Instalando readline-devel-4.3-5.
Instalando redhat-rpm-config-8.0.21-1.
Instalando rpm-build-4.2-0.69.
Instalando rpm-devel-4.2-0.69.
Instalando slang-devel-1.4.5-16.
Instalando newt-devel-0.51.4-1.
Instalando splint-3.0.1.7-0.20030123.
Instalando strace-4.4.95-2.
Instalando swig-1.1p5-22.
Instalando texinfo-4.3-5.
Instalando zlib-devel-1.1.4-8.
Instalando libxml2-devel-2.5.4-1.
Instalando aspell-pt-0.1-12.
Instalando aspell-pt_BR-2.4-12.
Instalando kernel-source-2.4.20-8.
Instalando libacl-devel-2.2.3-1.
Instalando libattr-devel-2.2.0-1.
Instalando mc-4.6.0-4.
Instalando nmap-3.00-4.
Instalando perl-CGI-2.81-88.
Instalando perl-DB_File-1.804-88.
Instalando perl-DBI-1.32-5.
Instalando mysql-3.23.54a-11.
Instalando mysql-server-3.23.54a-11.
Instalando perl-DBD-MySQL-2.1021-3.
Instalando fetchmail-6.2.0-3.
Instalando postgresql-libs-7.3.2-3.
Instalando perl-DBD-Pg-1.21-2.
Instalando postgresql-7.3.2-3.
Instalando postgresql-server-7.3.2-3.
Instalando redhat-switch-mail-0.5.17-1.
Instalando screen-3.9.13-5.
Instalando tk-8.3.5-88.
Instalando unixODBC-2.2.3-6.
Instalando vsftpd-1.1.3-8.
Instalando mutt-1.4-10.
Instalando comps-9-0.20030313.
